2026-04-16 15:39:45,993 [INFO] Activator:176 - 


2026-04-16 15:39:45,998 [INFO] Activator:177 - !SESSION log4j initialized
2026-04-16 15:39:52,221 [INFO] LogOutputStream:77 - [STDOUT_REDIRECT] 
2026-04-16 15:39:54,176 [INFO] ApplicationProperties:184 - Using Application install path: C:\ST\STM32CubeIDE_1.19.0\STM32CubeIDE\plugins\com.st.stm32cube.common.mx_6.15.0.202507011659
2026-04-16 15:39:54,192 [INFO] DbMcusXml:78 - Set database path to: C:\ST\STM32CubeIDE_1.19.0\STM32CubeIDE\plugins\com.st.stm32cube.common.mx_6.15.0.202507011659\\db\/mcu/
2026-04-16 15:39:54,193 [INFO] ApiDb:274 - Set plugin database path to: C:\ST\STM32CubeIDE_1.19.0\STM32CubeIDE\plugins\com.st.stm32cube.common.mx_6.15.0.202507011659\\db\/plugins/boardmanager/
2026-04-16 15:39:54,193 [WARN] ApiDb:259 - Overriding images path with different value:  => C:\ST\STM32CubeIDE_1.19.0\STM32CubeIDE\plugins\com.st.stm32cube.common.mx_6.15.0.202507011659\\db\/plugins/mcufinder/images/
2026-04-16 15:39:54,202 [INFO] ApiDb:250 - Set database path to: C:\Users\ernes\.stmcufinder\plugins\mcufinder//mcu/
2026-04-16 15:39:54,252 [INFO] DbMcusAds:125 - Set database path to: C:\Users\ernes\.stmcufinder\plugins\mcufinder//mcu/
2026-04-16 15:39:54,255 [INFO] CrossReferenceDbSqlite:203 - Set database path to: C:\Users\ernes\.stmcufinder\plugins\mcufinder//mcu/cs/
2026-04-16 15:39:54,436 [INFO] RulesReader:64 - Compatibility file has been processed (317 Rules)
2026-04-16 15:39:54,717 [INFO] DbMcusXml:78 - Set database path to: C:\ST\STM32CubeIDE_1.19.0\STM32CubeIDE\plugins\com.st.stm32cube.common.mx_6.15.0.202507011659\\db\/mcu/
2026-04-16 15:39:54,717 [INFO] ApiDb:274 - Set plugin database path to: C:\ST\STM32CubeIDE_1.19.0\STM32CubeIDE\plugins\com.st.stm32cube.common.mx_6.15.0.202507011659\\db\/plugins/boardmanager/
2026-04-16 15:39:54,717 [INFO] ApiDb:261 - Set plugin images path to: C:\ST\STM32CubeIDE_1.19.0\STM32CubeIDE\plugins\com.st.stm32cube.common.mx_6.15.0.202507011659\\db\/plugins/mcufinder/images/
2026-04-16 15:39:54,717 [WARN] DbFile:41 - Overriding database path with different value: C:\Users\ernes\.stmcufinder\plugins\mcufinder/ => C:\Users\ernes\.stmcufinder\plugins\mcufinder
2026-04-16 15:39:54,717 [INFO] ApiDb:250 - Set database path to: C:\Users\ernes\.stmcufinder\plugins\mcufinder//mcu/
2026-04-16 15:39:54,717 [WARN] DbFile:41 - Overriding database path with different value: C:\Users\ernes\.stmcufinder\plugins\mcufinder/ => C:\Users\ernes\.stmcufinder\plugins\mcufinder
2026-04-16 15:39:54,717 [INFO] DbMcusAds:125 - Set database path to: C:\Users\ernes\.stmcufinder\plugins\mcufinder//mcu/
2026-04-16 15:39:54,717 [WARN] DbFile:41 - Overriding database path with different value: C:\Users\ernes\.stmcufinder\plugins\mcufinder/ => C:\Users\ernes\.stmcufinder\plugins\mcufinder
2026-04-16 15:39:54,718 [WARN] DbFile:41 - Overriding database path with different value: C:\Users\ernes\.stmcufinder\plugins\mcufinder/ => C:\Users\ernes\.stmcufinder\plugins\mcufinder
2026-04-16 15:39:54,718 [INFO] CrossReferenceDbSqlite:203 - Set database path to: C:\Users\ernes\.stmcufinder\plugins\mcufinder//mcu/cs/
2026-04-16 15:39:54,997 [INFO] MainPanel:274 - HeapMemory: 268435456
2026-04-16 15:39:55,157 [INFO] DbMcusXml:78 - Set database path to: C:\ST\STM32CubeIDE_1.19.0\STM32CubeIDE\plugins\com.st.stm32cube.common.mx_6.15.0.202507011659\\db\/mcu/
2026-04-16 15:39:55,157 [INFO] ApiDb:274 - Set plugin database path to: C:\ST\STM32CubeIDE_1.19.0\STM32CubeIDE\plugins\com.st.stm32cube.common.mx_6.15.0.202507011659\\db\/plugins/boardmanager/
2026-04-16 15:39:55,157 [INFO] ApiDb:261 - Set plugin images path to: C:\ST\STM32CubeIDE_1.19.0\STM32CubeIDE\plugins\com.st.stm32cube.common.mx_6.15.0.202507011659\\db\/plugins/mcufinder/images/
2026-04-16 15:39:55,157 [WARN] DbFile:41 - Overriding database path with different value: C:\Users\ernes\.stmcufinder\plugins\mcufinder/ => C:\Users\ernes\.stmcufinder\plugins\mcufinder
2026-04-16 15:39:55,157 [INFO] ApiDb:250 - Set database path to: C:\Users\ernes\.stmcufinder\plugins\mcufinder//mcu/
2026-04-16 15:39:55,157 [WARN] DbFile:41 - Overriding database path with different value: C:\Users\ernes\.stmcufinder\plugins\mcufinder/ => C:\Users\ernes\.stmcufinder\plugins\mcufinder
2026-04-16 15:39:55,158 [INFO] DbMcusAds:125 - Set database path to: C:\Users\ernes\.stmcufinder\plugins\mcufinder//mcu/
2026-04-16 15:39:55,158 [WARN] DbFile:41 - Overriding database path with different value: C:\Users\ernes\.stmcufinder\plugins\mcufinder/ => C:\Users\ernes\.stmcufinder\plugins\mcufinder
2026-04-16 15:39:55,158 [WARN] DbFile:41 - Overriding database path with different value: C:\Users\ernes\.stmcufinder\plugins\mcufinder/ => C:\Users\ernes\.stmcufinder\plugins\mcufinder
2026-04-16 15:39:55,158 [INFO] CrossReferenceDbSqlite:203 - Set database path to: C:\Users\ernes\.stmcufinder\plugins\mcufinder//mcu/cs/
2026-04-16 15:39:55,177 [INFO] ApplicationProperties:184 - Using Application install path: C:\ST\STM32CubeIDE_1.19.0\STM32CubeIDE\plugins\com.st.stm32cube.common.mx_6.15.0.202507011659
2026-04-16 15:39:55,179 [INFO] PluginManage:196 - Search for loadable plugins [exclusion list=, ]
2026-04-16 15:39:55,180 [INFO] PluginManage:310 - Check plugin analytics
2026-04-16 15:39:55,515 [INFO] AnalyticsPlugin:253 - Accepted Software Licenses: 
2026-04-16 15:39:55,516 [INFO] AnalyticsPlugin:255 - Accepted CMSIS Pack Licenses: 
2026-04-16 15:39:55,516 [INFO] AnalyticsPlugin:257 - Accepted Firmware Licenses: FW.L4.1.18.0
2026-04-16 15:39:55,518 [INFO] PluginManage:359 - Loaded plugin analytics (category:tool,tabindex:-1)
2026-04-16 15:39:55,518 [INFO] PluginManage:310 - Check plugin cadmodel
2026-04-16 15:39:55,524 [INFO] CADModel:105 - Init CAD model plugin
2026-04-16 15:39:55,524 [INFO] PluginManage:359 - Loaded plugin cadmodel (category:power,tabindex:5)
2026-04-16 15:39:55,524 [INFO] PluginManage:310 - Check plugin clock
2026-04-16 15:39:55,534 [INFO] PluginManage:359 - Loaded plugin clock (category:base,tabindex:2)
2026-04-16 15:39:55,534 [INFO] PluginManage:310 - Check plugin ddr
2026-04-16 15:39:55,536 [INFO] PluginManage:359 - Loaded plugin ddr (category:tool,tabindex:6)
2026-04-16 15:39:55,536 [INFO] PluginManage:310 - Check plugin filemanager
2026-04-16 15:39:55,950 [INFO] PluginManage:359 - Loaded plugin filemanager (category:base,tabindex:10)
2026-04-16 15:39:55,950 [INFO] PluginManage:310 - Check plugin ipmanager
2026-04-16 15:39:55,957 [INFO] PluginManage:359 - Loaded plugin ipmanager (category:base,tabindex:5)
2026-04-16 15:39:55,957 [INFO] PluginManage:310 - Check plugin lpbam
2026-04-16 15:39:56,006 [INFO] PluginManage:359 - Loaded plugin lpbam (category:base,tabindex:0)
2026-04-16 15:39:56,007 [INFO] PluginManage:310 - Check plugin memorymap
2026-04-16 15:39:56,020 [INFO] PluginManage:359 - Loaded plugin memorymap (category:base,tabindex:4)
2026-04-16 15:39:56,021 [INFO] PluginManage:310 - Check plugin pinoutandconfiguration
2026-04-16 15:39:56,030 [INFO] PluginManage:359 - Loaded plugin pinoutandconfiguration (category:base,tabindex:1)
2026-04-16 15:39:56,030 [INFO] PluginManage:310 - Check plugin pinoutconfig
2026-04-16 15:39:56,363 [WARN] SupportedApi:132 - Cannot load RTOS API schema: s4s-elt-must-match.1: The content of 'definitions' must match (annotation?, (simpleType | complexType)?, (unique | key | keyref)*)). A problem was found starting at: attribute.
2026-04-16 15:39:56,638 [INFO] PluginManage:359 - Loaded plugin pinoutconfig (category:base,tabindex:0)
2026-04-16 15:39:56,638 [INFO] PluginManage:310 - Check plugin power
2026-04-16 15:39:56,650 [INFO] PluginManage:359 - Loaded plugin power (category:power,tabindex:4)
2026-04-16 15:39:56,651 [INFO] PluginManage:310 - Check plugin projectmanager
2026-04-16 15:39:56,667 [INFO] PluginManage:359 - Loaded plugin projectmanager (category:projectmanager,tabindex:4)
2026-04-16 15:39:56,667 [INFO] PluginManage:310 - Check plugin rif
2026-04-16 15:39:56,718 [INFO] PluginManage:359 - Loaded plugin rif (category:base,tabindex:3)
2026-04-16 15:39:56,718 [INFO] PluginManage:310 - Check plugin thirdparty
2026-04-16 15:39:57,049 [INFO] PluginManage:359 - Loaded plugin thirdparty (category:base,tabindex:-1)
2026-04-16 15:39:57,049 [WARN] IntegrityCheckThread:84 - waiting for thirdparty lock release [integrity check]
2026-04-16 15:39:57,049 [INFO] PluginManage:310 - Check plugin tools
2026-04-16 15:39:57,049 [INFO] IntegrityCheckThread:86 - entering critical section [integrity check]
2026-04-16 15:39:57,050 [INFO] ThirdPartyUpdaterWithRetryManager:70 - Updater plugin not ready yet. [1/15]
2026-04-16 15:39:57,052 [INFO] PluginManage:359 - Loaded plugin tools (category:base,tabindex:7)
2026-04-16 15:39:57,053 [INFO] PluginManage:310 - Check plugin tutovideos
2026-04-16 15:39:57,548 [INFO] PluginManage:359 - Loaded plugin tutovideos (category:base,tabindex:-1)
2026-04-16 15:39:57,548 [INFO] PluginManage:310 - Check plugin updater
2026-04-16 15:39:57,571 [INFO] PluginManage:359 - Loaded plugin updater (category:base,tabindex:12)
2026-04-16 15:39:57,571 [INFO] PluginManage:310 - Check plugin userauth
2026-04-16 15:39:57,575 [INFO] UserAuth:118 - Init User Auth plugin
2026-04-16 15:39:57,576 [INFO] PluginManage:359 - Loaded plugin userauth (category:base,tabindex:14)
2026-04-16 15:39:57,576 [INFO] PluginManage:283 - PluginManage : Loaded plugins [18]
2026-04-16 15:39:58,195 [INFO] PinOutPanel:1589 - setPackage(No Configuration,No Configuration)
2026-04-16 15:39:58,400 [INFO] CADModel:165 - CPN selected for project level
2026-04-16 15:39:58,400 [INFO] CADModel:114 - Register for checkConnection events
2026-04-16 15:39:58,509 [INFO] IPUIPlugin:80 - create IPUIPlugin
2026-04-16 15:39:58,509 [INFO] PluginManager:220 - loadIPPluginJar : add adc
2026-04-16 15:39:58,512 [INFO] IPUIPlugin:80 - create IPUIPlugin
2026-04-16 15:39:58,512 [INFO] PluginManager:220 - loadIPPluginJar : add aes
2026-04-16 15:39:58,561 [INFO] IPUIPlugin:80 - create IPUIPlugin
2026-04-16 15:39:58,561 [INFO] PluginManager:220 - loadIPPluginJar : add can
2026-04-16 15:39:58,563 [INFO] IPUIPlugin:80 - create IPUIPlugin
2026-04-16 15:39:58,563 [INFO] PluginManager:220 - loadIPPluginJar : add comp
2026-04-16 15:39:58,565 [INFO] IPUIPlugin:80 - create IPUIPlugin
2026-04-16 15:39:58,566 [INFO] PluginManager:220 - loadIPPluginJar : add cryp
2026-04-16 15:39:58,568 [INFO] IPUIPlugin:80 - create IPUIPlugin
2026-04-16 15:39:58,568 [INFO] PluginManager:220 - loadIPPluginJar : add ddr_ctrl_phy
2026-04-16 15:39:58,570 [INFO] IPUIPlugin:80 - create IPUIPlugin
2026-04-16 15:39:58,570 [INFO] PluginManager:220 - loadIPPluginJar : add dfsdm
2026-04-16 15:39:58,575 [INFO] IPUIPlugin:80 - create IPUIPlugin
2026-04-16 15:39:58,575 [INFO] PluginManager:220 - loadIPPluginJar : add dma
2026-04-16 15:39:58,625 [INFO] IPUIPlugin:80 - create IPUIPlugin
2026-04-16 15:39:58,625 [INFO] PluginManager:220 - loadIPPluginJar : add dma3
2026-04-16 15:39:58,629 [INFO] IPUIPlugin:80 - create IPUIPlugin
2026-04-16 15:39:58,629 [INFO] PluginManager:220 - loadIPPluginJar : add extmemmanager
2026-04-16 15:39:58,631 [INFO] IPUIPlugin:80 - create IPUIPlugin
2026-04-16 15:39:58,631 [INFO] PluginManager:220 - loadIPPluginJar : add fatfs
2026-04-16 15:39:58,635 [INFO] IPUIPlugin:80 - create IPUIPlugin
2026-04-16 15:39:58,635 [INFO] PluginManager:220 - loadIPPluginJar : add fmc
2026-04-16 15:39:58,642 [INFO] IPUIPlugin:80 - create IPUIPlugin
2026-04-16 15:39:58,642 [INFO] PluginManager:220 - loadIPPluginJar : add freertos
2026-04-16 15:39:58,644 [INFO] IPUIPlugin:80 - create IPUIPlugin
2026-04-16 15:39:58,644 [INFO] PluginManager:220 - loadIPPluginJar : add genericplugin
2026-04-16 15:39:58,646 [INFO] IPUIPlugin:80 - create IPUIPlugin
2026-04-16 15:39:58,646 [INFO] PluginManager:220 - loadIPPluginJar : add gfxmmu
2026-04-16 15:39:58,651 [INFO] IPUIPlugin:80 - create IPUIPlugin
2026-04-16 15:39:58,651 [INFO] PluginManager:220 - loadIPPluginJar : add gic
2026-04-16 15:39:58,704 [INFO] IPUIPlugin:80 - create IPUIPlugin
2026-04-16 15:39:58,704 [INFO] PluginManager:220 - loadIPPluginJar : add gpio
2026-04-16 15:39:58,752 [INFO] IPUIPlugin:80 - create IPUIPlugin
2026-04-16 15:39:58,753 [INFO] PluginManager:220 - loadIPPluginJar : add gtzc
2026-04-16 15:39:58,755 [INFO] IPUIPlugin:80 - create IPUIPlugin
2026-04-16 15:39:58,755 [INFO] PluginManager:220 - loadIPPluginJar : add hash
2026-04-16 15:39:58,811 [INFO] IPUIPlugin:80 - create IPUIPlugin
2026-04-16 15:39:58,811 [INFO] PluginManager:220 - loadIPPluginJar : add i2c
2026-04-16 15:39:58,814 [INFO] IPUIPlugin:80 - create IPUIPlugin
2026-04-16 15:39:58,814 [INFO] PluginManager:220 - loadIPPluginJar : add i2s
2026-04-16 15:39:58,817 [INFO] IPUIPlugin:80 - create IPUIPlugin
2026-04-16 15:39:58,817 [INFO] PluginManager:220 - loadIPPluginJar : add i3c
2026-04-16 15:39:58,820 [INFO] IPUIPlugin:80 - create IPUIPlugin
2026-04-16 15:39:58,820 [INFO] PluginManager:220 - loadIPPluginJar : add ipddr
2026-04-16 15:39:58,827 [INFO] IPUIPlugin:80 - create IPUIPlugin
2026-04-16 15:39:58,827 [INFO] PluginManager:220 - loadIPPluginJar : add linkedlist
2026-04-16 15:39:58,830 [INFO] IPUIPlugin:80 - create IPUIPlugin
2026-04-16 15:39:58,830 [INFO] PluginManager:220 - loadIPPluginJar : add lorawan
2026-04-16 15:39:58,832 [INFO] IPUIPlugin:80 - create IPUIPlugin
2026-04-16 15:39:58,832 [INFO] PluginManager:220 - loadIPPluginJar : add ltdc
2026-04-16 15:39:58,836 [INFO] IPUIPlugin:80 - create IPUIPlugin
2026-04-16 15:39:58,836 [INFO] PluginManager:220 - loadIPPluginJar : add mdma
2026-04-16 15:39:58,840 [INFO] IPUIPlugin:80 - create IPUIPlugin
2026-04-16 15:39:58,840 [INFO] PluginManager:220 - loadIPPluginJar : add nvic
2026-04-16 15:39:58,843 [INFO] IPUIPlugin:80 - create IPUIPlugin
2026-04-16 15:39:58,844 [INFO] PluginManager:220 - loadIPPluginJar : add opamp
2026-04-16 15:39:58,847 [INFO] IPUIPlugin:80 - create IPUIPlugin
2026-04-16 15:39:58,847 [INFO] PluginManager:220 - loadIPPluginJar : add openamp
2026-04-16 15:39:58,850 [INFO] IPUIPlugin:80 - create IPUIPlugin
2026-04-16 15:39:58,850 [INFO] PluginManager:220 - loadIPPluginJar : add pdm2pcm
2026-04-16 15:39:58,856 [INFO] IPUIPlugin:80 - create IPUIPlugin
2026-04-16 15:39:58,858 [INFO] PluginManager:220 - loadIPPluginJar : add plateformsettings
2026-04-16 15:39:58,903 [INFO] IPUIPlugin:80 - create IPUIPlugin
2026-04-16 15:39:58,904 [INFO] PluginManager:220 - loadIPPluginJar : add quadspi
2026-04-16 15:39:58,956 [INFO] IPUIPlugin:80 - create IPUIPlugin
2026-04-16 15:39:58,956 [INFO] PluginManager:220 - loadIPPluginJar : add radio
2026-04-16 15:39:58,960 [INFO] IPUIPlugin:80 - create IPUIPlugin
2026-04-16 15:39:58,960 [INFO] PluginManager:220 - loadIPPluginJar : add resmgrutility
2026-04-16 15:39:58,962 [INFO] IPUIPlugin:80 - create IPUIPlugin
2026-04-16 15:39:58,962 [INFO] PluginManager:220 - loadIPPluginJar : add sai
2026-04-16 15:39:59,016 [INFO] IPUIPlugin:80 - create IPUIPlugin
2026-04-16 15:39:59,016 [INFO] PluginManager:220 - loadIPPluginJar : add spi
2026-04-16 15:39:59,022 [INFO] IPUIPlugin:80 - create IPUIPlugin
2026-04-16 15:39:59,022 [INFO] PluginManager:220 - loadIPPluginJar : add stm32_wpan
2026-04-16 15:39:59,023 [INFO] IPUIPlugin:80 - create IPUIPlugin
2026-04-16 15:39:59,024 [INFO] PluginManager:220 - loadIPPluginJar : add tim
2026-04-16 15:39:59,027 [INFO] IPUIPlugin:80 - create IPUIPlugin
2026-04-16 15:39:59,027 [INFO] PluginManager:220 - loadIPPluginJar : add touchsensing
2026-04-16 15:39:59,030 [INFO] IPUIPlugin:80 - create IPUIPlugin
2026-04-16 15:39:59,030 [INFO] PluginManager:220 - loadIPPluginJar : add tracer_emb
2026-04-16 15:39:59,032 [INFO] IPUIPlugin:80 - create IPUIPlugin
2026-04-16 15:39:59,032 [INFO] PluginManager:220 - loadIPPluginJar : add ts
2026-04-16 15:39:59,033 [INFO] IPUIPlugin:80 - create IPUIPlugin
2026-04-16 15:39:59,034 [INFO] PluginManager:220 - loadIPPluginJar : add tsc
2026-04-16 15:39:59,035 [INFO] IPUIPlugin:80 - create IPUIPlugin
2026-04-16 15:39:59,035 [INFO] PluginManager:220 - loadIPPluginJar : add ucpd
2026-04-16 15:39:59,038 [INFO] IPUIPlugin:80 - create IPUIPlugin
2026-04-16 15:39:59,038 [INFO] PluginManager:220 - loadIPPluginJar : add usart
2026-04-16 15:39:59,042 [INFO] IPUIPlugin:80 - create IPUIPlugin
2026-04-16 15:39:59,042 [INFO] PluginManager:220 - loadIPPluginJar : add usbx
2026-04-16 15:39:59,227 [FATAL] Updater:351 - Updater called before beeing initialized
2026-04-16 15:39:59,274 [INFO] RulesReader:64 - Compatibility file has been processed (317 Rules)
2026-04-16 15:39:59,286 [INFO] RulesReader:64 - Compatibility file has been processed (317 Rules)
2026-04-16 15:39:59,336 [INFO] CADModel:165 - CPN selected for project level
2026-04-16 15:39:59,336 [INFO] CADModel:114 - Register for checkConnection events
2026-04-16 15:39:59,336 [FATAL] Updater:351 - Updater called before beeing initialized
2026-04-16 15:39:59,336 [ERROR] CADModel:125 - Updater not yet initialized, retry later 
2026-04-16 15:39:59,654 [FATAL] Updater:351 - Updater called before beeing initialized
2026-04-16 15:39:59,656 [INFO] CADModel:165 - CPN selected for project level
2026-04-16 15:39:59,656 [INFO] CADModel:114 - Register for checkConnection events
2026-04-16 15:39:59,657 [FATAL] Updater:351 - Updater called before beeing initialized
2026-04-16 15:39:59,657 [ERROR] CADModel:125 - Updater not yet initialized, retry later 
2026-04-16 15:39:59,660 [FATAL] Updater:351 - Updater called before beeing initialized
2026-04-16 15:40:00,050 [INFO] ThirdPartyUpdaterWithRetryManager:70 - Updater plugin not ready yet. [2/15]
2026-04-16 15:40:00,103 [FATAL] Updater:351 - Updater called before beeing initialized
2026-04-16 15:40:00,107 [INFO] DbMcusAds:53 - JSON generation date=Thu Mar 05 08:32:52 CST 2026 (1772721172610)
2026-04-16 15:40:00,107 [FATAL] Updater:351 - Updater called before beeing initialized
2026-04-16 15:40:00,140 [WARN] DetailPanel:346 - Failed to get advertising image, set to default
2026-04-16 15:40:00,338 [FATAL] Updater:351 - Updater called before beeing initialized
2026-04-16 15:40:00,340 [FATAL] Updater:351 - Updater called before beeing initialized
2026-04-16 15:40:00,340 [FATAL] Updater:351 - Updater called before beeing initialized
2026-04-16 15:40:00,340 [WARN] DetailPanel:346 - Failed to get advertising image, set to default
2026-04-16 15:40:00,341 [FATAL] Updater:351 - Updater called before beeing initialized
2026-04-16 15:40:00,424 [ERROR] Updater:1198 - MainUpdater not yet initialized. External WinMGr cannot be set.
2026-04-16 15:40:00,428 [INFO] Updater:1134 - Updater Version found : 6.15.0
2026-04-16 15:40:00,522 [INFO] ApplicationProperties:184 - Using Application install path: C:\ST\STM32CubeIDE_1.19.0\STM32CubeIDE\plugins\com.st.stm32cube.common.mx_6.15.0.202507011659
2026-04-16 15:40:02,159 [ERROR] LogOutputStream:75 - [STDERR_REDIRECT] Apr 16, 2026 3:40:02 PM java.util.prefs.WindowsPreferences <init>
2026-04-16 15:40:02,161 [ERROR] LogOutputStream:75 - [STDERR_REDIRECT] WARNING: Could not open/create prefs root node Software\JavaSoft\Prefs at root 0xffffffff80000002. Windows RegCreateKeyEx(...) returned error code 5.
2026-04-16 15:40:02,161 [ERROR] LogOutputStream:75 - [STDERR_REDIRECT] 
2026-04-16 15:40:02,635 [INFO] MainUpdater:2872 - connection check result : 10
2026-04-16 15:40:02,635 [INFO] MainUpdater:3604 - Updater definition file requires update
2026-04-16 15:40:02,636 [INFO] MainUpdater:289 - Updater Check For Update Now.
2026-04-16 15:40:02,636 [INFO] MicroXplorer:498 - Change Database Version : DB.6.0.150
2026-04-16 15:40:02,654 [INFO] McuFinderGlobals:63 - Set McuFinder mode to 2 (CubeIDE integrated)
2026-04-16 15:40:02,654 [INFO] UserAuth:171 - activating auth plugin
2026-04-16 15:40:02,657 [INFO] UserAuth:487 - Internet connection configuration mode: 1
2026-04-16 15:40:02,671 [INFO] ServerAccessManage:452 - Complete download http(s) 200
2026-04-16 15:40:02,672 [INFO] ServerAccessManage:509 - Download File updaters.zip
2026-04-16 15:40:02,676 [INFO] JxBrowserEngine:152 - Initiate JxBrowser Engine with user profile folder
2026-04-16 15:40:02,722 [INFO] FileExtend:248 - Unzip File : updaters.zip
2026-04-16 15:40:02,723 [INFO] FileExtend:263 - Standard Zip Deflate
2026-04-16 15:40:03,106 [WARN] MainUpdater:1193 - Updater busy. Cannot search thirdparties
2026-04-16 15:40:03,108 [INFO] ThirdPartyUpdaterWithRetryManager:96 - Updater plugin is busy. [1/15]
2026-04-16 15:40:03,938 [INFO] ServerAccessManage:452 - Complete download http(s) 200
2026-04-16 15:40:03,938 [INFO] ServerAccessManage:509 - Download File PacksControlFlags.xml
2026-04-16 15:40:04,178 [INFO] ServerAccessManage:452 - Complete download http(s) 200
2026-04-16 15:40:04,179 [INFO] ServerAccessManage:509 - Download File cubemx.pidx
2026-04-16 15:40:05,218 [INFO] WebApp:169 - Instantiating new browser for Auth
2026-04-16 15:40:06,112 [WARN] MainUpdater:1193 - Updater busy. Cannot search thirdparties
2026-04-16 15:40:06,112 [INFO] ThirdPartyUpdaterWithRetryManager:96 - Updater plugin is busy. [2/15]
2026-04-16 15:40:06,922 [INFO] WebApp:463 - Apply proxy settings
2026-04-16 15:40:06,922 [INFO] WebApp:548 - Chromium requires no authentication
2026-04-16 15:40:06,945 [INFO] ServerAccessManage:452 - Complete download http(s) 200
2026-04-16 15:40:06,946 [INFO] ServerAccessManage:509 - Download File STMicroelectronics.X-CUBE-WB05N.pdsc
2026-04-16 15:40:07,011 [INFO] WebApp:491 - Direct internet connection detected
2026-04-16 15:40:07,176 [INFO] WebApp:900 - Register for checkConnection events
2026-04-16 15:40:07,176 [INFO] WebApp:463 - Apply proxy settings
2026-04-16 15:40:07,176 [INFO] WebApp:548 - Chromium requires no authentication
2026-04-16 15:40:07,177 [INFO] WebApp:491 - Direct internet connection detected
2026-04-16 15:40:07,306 [INFO] ServerAccessManage:452 - Complete download http(s) 200
2026-04-16 15:40:07,306 [INFO] ServerAccessManage:509 - Download File STMicroelectronics.eDS-WB_DPC_VIENNA.pdsc
2026-04-16 15:40:07,511 [INFO] WebApp:191 - Connection restablished
2026-04-16 15:40:07,748 [ERROR] ServerAccessManage:1212 - Problem, file not found on Server
2026-04-16 15:40:07,750 [INFO] WebApp:225 - Starting web application
2026-04-16 15:40:07,751 [INFO] WebApp:593 - Web application path used C:\ST\STM32CubeIDE_1.19.0\STM32CubeIDE\plugins\com.st.stm32cube.common.mx_6.15.0.202507011659\db\plugins\mcufinder\reactClient1\index.html
2026-04-16 15:40:08,028 [ERROR] ServerAccessManage:1212 - Problem, file not found on Server
2026-04-16 15:40:08,290 [ERROR] ServerAccessManage:1212 - Problem, file not found on Server
2026-04-16 15:40:08,579 [ERROR] ServerAccessManage:1212 - Problem, file not found on Server
2026-04-16 15:40:08,720 [ERROR] ServerAccessManage:1212 - Problem, file not found on Server
2026-04-16 15:40:08,796 [INFO] ServerAccessManage:452 - Complete download http(s) 200
2026-04-16 15:40:08,797 [INFO] ServerAccessManage:509 - Download File STMicroelectronics.eDS-WB_DPC_TT-BIDIR.pdsc
2026-04-16 15:40:09,117 [WARN] MainUpdater:1193 - Updater busy. Cannot search thirdparties
2026-04-16 15:40:09,118 [INFO] ThirdPartyUpdaterWithRetryManager:96 - Updater plugin is busy. [3/15]
2026-04-16 15:40:09,247 [ERROR] ServerAccessManage:1212 - Problem, file not found on Server
2026-04-16 15:40:09,554 [ERROR] ServerAccessManage:1212 - Problem, file not found on Server
2026-04-16 15:40:09,756 [ERROR] ServerAccessManage:1212 - Problem, file not found on Server
2026-04-16 15:40:09,937 [ERROR] ServerAccessManage:1212 - Problem, file not found on Server
2026-04-16 15:40:10,000 [INFO] ServerAccessManage:452 - Complete download http(s) 200
2026-04-16 15:40:10,000 [INFO] ServerAccessManage:509 - Download File STMicroelectronics.eDS-WB_DPC_3PH2L-BIDIR.pdsc
2026-04-16 15:40:10,385 [ERROR] ServerAccessManage:1212 - Problem, file not found on Server
2026-04-16 15:40:10,758 [WARN] PackLoader:240 - Cannot read IP mode file for STMicroelectronics.X-CUBE-WB05N.2.1.0
2026-04-16 15:40:10,765 [WARN] PackLoader:240 - Cannot read IP mode file for STMicroelectronics.eDS-WB_DPC_VIENNA.1.2.0
2026-04-16 15:40:10,768 [WARN] PackLoader:240 - Cannot read IP mode file for STMicroelectronics.eDS-WB_DPC_TT-BIDIR.2.1.1
2026-04-16 15:40:10,821 [WARN] PackLoader:240 - Cannot read IP mode file for STMicroelectronics.eDS-WB_DPC_3PH2L-BIDIR.1.1.1
2026-04-16 15:40:10,822 [INFO] PopulateThirdPartyThread:66 - Ending populate Thread
2026-04-16 15:40:10,823 [INFO] ThirdParty:1030 - CMSIS Pack Vendor :STMicroelectronics eDS-WB_DPC_TT-BIDIR 2.1.1
2026-04-16 15:40:10,823 [INFO] ThirdParty:1030 - CMSIS Pack Vendor :STMicroelectronics eDS-WB_DPC_VIENNA 1.2.0
2026-04-16 15:40:10,823 [INFO] ThirdParty:1030 - CMSIS Pack Vendor :STMicroelectronics eDS-WB_DPC_3PH2L-BIDIR 1.1.1
2026-04-16 15:40:10,823 [INFO] ThirdParty:1030 - CMSIS Pack Vendor :STMicroelectronics X-CUBE-WB05N 2.1.0
2026-04-16 15:40:10,823 [INFO] LoadServerUpdatesThread:375 - End of LoadServerUpdate Thread
2026-04-16 15:40:10,882 [INFO] CheckServerUpdateThread:120 - End of CheckServer Thread
2026-04-16 15:40:12,675 [WARN] PackLoader:240 - Cannot read IP mode file for STMicroelectronics.X-CUBE-AZRTOS-H7.3.5.0
2026-04-16 15:40:12,705 [WARN] PackLoader:240 - Cannot read IP mode file for STMicroelectronics.FP-ATR-ASTRA1.2.0.2
2026-04-16 15:40:12,756 [WARN] PackLoader:240 - Cannot read IP mode file for STMicroelectronics.X-CUBE-SMBUS.2.1.0
2026-04-16 15:40:12,770 [WARN] PackLoader:240 - Cannot read IP mode file for STMicroelectronics.X-CUBE-AZRTOS-F7.1.1.0
2026-04-16 15:40:12,814 [WARN] PackLoader:240 - Cannot read IP mode file for STMicroelectronics.FP-SNS-MOTENV1.5.1.0
2026-04-16 15:40:12,827 [WARN] PackLoader:240 - Cannot read IP mode file for WES.I-CUBE-Cesium.1.4.0
2026-04-16 15:40:12,883 [WARN] PackLoader:240 - Cannot read IP mode file for STMicroelectronics.X-CUBE-DISPLAY.3.0.0
2026-04-16 15:40:12,929 [WARN] PackLoader:240 - Cannot read IP mode file for STMicroelectronics.FP-SNS-MOTENVWB1.1.5.0
2026-04-16 15:40:12,939 [WARN] PackLoader:240 - Cannot read IP mode file for STMicroelectronics.X-CUBE-NFC10.1.0.0
2026-04-16 15:40:12,989 [WARN] PackLoader:240 - Cannot read IP mode file for STMicroelectronics.X-CUBE-ST60.1.1.0
2026-04-16 15:40:12,994 [WARN] PackLoader:240 - Cannot read IP mode file for emotas.I-CUBE-CANOPEN.1.3.0
2026-04-16 15:40:12,999 [WARN] PackLoader:240 - Cannot read IP mode file for STMicroelectronics.X-CUBE-GNSS1.7.1.0
2026-04-16 15:40:13,005 [WARN] PackLoader:240 - Cannot read IP mode file for STMicroelectronics.FP-SNS-STBOX1.2.1.0
2026-04-16 15:40:13,012 [WARN] PackLoader:240 - Cannot read IP mode file for STMicroelectronics.FP-SNS-SMARTAG2.1.2.0
2026-04-16 15:40:13,076 [WARN] PackLoader:240 - Cannot read IP mode file for STMicroelectronics.FP-SNS-FLIGHT1.5.1.0
2026-04-16 15:40:13,085 [INFO] LogOutputStream:77 - [STDOUT_REDIRECT] 1 : Invalid condition id : UX_CORESTACK_Condition cause : null
2026-04-16 15:40:13,085 [INFO] LogOutputStream:77 - [STDOUT_REDIRECT] 1 : Invalid condition id : UX_CORESTACK_Condition cause : null
2026-04-16 15:40:13,086 [INFO] LogOutputStream:77 - [STDOUT_REDIRECT] 1 : Invalid condition id : UX_CORESTACK_Condition cause : null
2026-04-16 15:40:13,087 [INFO] LogOutputStream:77 - [STDOUT_REDIRECT] 1 : Invalid condition id : UX_CORESTACK_Condition cause : null
2026-04-16 15:40:13,089 [INFO] LogOutputStream:77 - [STDOUT_REDIRECT] 1 : Invalid condition id : UX_CORESTACK_Condition cause : null
2026-04-16 15:40:13,091 [WARN] PackLoader:240 - Cannot read IP mode file for STMicroelectronics.X-CUBE-AZRTOS-WL.2.0.0
2026-04-16 15:40:13,157 [WARN] PackLoader:240 - Cannot read IP mode file for STMicroelectronics.X-CUBE-AZRTOS-H7RS.1.2.0
2026-04-16 15:40:13,206 [WARN] PackLoader:240 - Cannot read IP mode file for STMicroelectronics.X-CUBE-BLE2.3.3.0
2026-04-16 15:40:13,296 [WARN] PackLoader:240 - Cannot read IP mode file for Infineon.AIROC-Wi-Fi-Bluetooth-STM32.1.8.0
2026-04-16 15:40:13,345 [WARN] PackLoader:240 - Cannot read IP mode file for STMicroelectronics.X-CUBE-NFC9.1.0.0
2026-04-16 15:40:13,350 [WARN] PackLoader:240 - Cannot read IP mode file for STMicroelectronics.X-CUBE-BLE1.7.1.0
2026-04-16 15:40:13,354 [WARN] PackLoader:240 - Cannot read IP mode file for wolfSSL.I-CUBE-wolfMQTT.1.19.2
2026-04-16 15:40:13,409 [WARN] PackLoader:240 - Cannot read IP mode file for STMicroelectronics.X-CUBE-EEPRMA1.5.2.0
2026-04-16 15:40:13,413 [WARN] PackLoader:240 - Cannot read IP mode file for wolfSSL.I-CUBE-wolfSSL.5.8.4
2026-04-16 15:40:13,417 [WARN] PackLoader:240 - Cannot read IP mode file for Cesanta.I-CUBE-Mongoose.7.20.0
2026-04-16 15:40:13,494 [WARN] PackLoader:240 - Cannot read IP mode file for STMicroelectronics.X-CUBE-MEMS1.12.0.0
2026-04-16 15:40:13,544 [WARN] PackLoader:240 - Cannot read IP mode file for STMicroelectronics.X-CUBE-AZRTOS-G0.1.1.0
2026-04-16 15:40:13,596 [WARN] PackLoader:240 - Cannot read IP mode file for STMicroelectronics.X-CUBE-NFC4.3.0.0
2026-04-16 15:40:14,277 [WARN] PackLoader:240 - Cannot read IP mode file for EmbeddedOffice.I-CUBE-FS-RTOS.1.0.1
2026-04-16 15:40:14,332 [WARN] PackLoader:240 - Cannot read IP mode file for STMicroelectronics.X-CUBE-WB05N.2.0.0
2026-04-16 15:40:14,336 [WARN] PackLoader:240 - Cannot read IP mode file for wolfSSL.I-CUBE-wolfTPM.3.8.0
2026-04-16 15:40:14,341 [WARN] PackLoader:240 - Cannot read IP mode file for STMicroelectronics.X-CUBE-TCPP.4.2.0
2026-04-16 15:40:14,345 [WARN] PackLoader:240 - Cannot read IP mode file for RealThread.X-CUBE-RT-Thread_Nano.4.1.1
2026-04-16 15:40:14,351 [WARN] PackLoader:240 - Cannot read IP mode file for STMicroelectronics.FP-ATR-SIGFOX1.3.2.0
2026-04-16 15:40:14,356 [WARN] PackLoader:240 - Cannot read IP mode file for STMicroelectronics.X-CUBE-FREERTOS.1.5.0
2026-04-16 15:40:14,361 [WARN] PackLoader:240 - Cannot read IP mode file for ITTIA_DB.I-CUBE-ITTIADB.8.9.0
2026-04-16 15:40:14,416 [WARN] PackLoader:240 - Cannot read IP mode file for STMicroelectronics.X-CUBE-NFC6.3.2.0
2026-04-16 15:40:14,422 [WARN] PackLoader:240 - Cannot read IP mode file for STMicroelectronics.X-CUBE-AI.10.2.0
2026-04-16 15:40:14,455 [WARN] PackLoader:240 - Cannot read IP mode file for SEGGER.I-CUBE-embOS.1.3.1
2026-04-16 15:40:14,510 [WARN] PackLoader:240 - Cannot read IP mode file for STMicroelectronics.X-CUBE-ALGOBUILD.1.4.0
2026-04-16 15:40:14,515 [WARN] PackLoader:240 - Cannot read IP mode file for STMicroelectronics.X-CUBE-PM33A1.1.0.0
2026-04-16 15:40:14,526 [WARN] PackLoader:240 - Cannot read IP mode file for STMicroelectronics.X-CUBE-AZRTOS-F4.1.1.0
2026-04-16 15:40:14,533 [WARN] PackLoader:240 - Cannot read IP mode file for STMicroelectronics.X-CUBE-ISPU.2.1.0
2026-04-16 15:40:14,544 [WARN] PackLoader:240 - Cannot read IP mode file for STMicroelectronics.X-CUBE-IPS.3.2.0
2026-04-16 15:40:14,551 [WARN] PackLoader:240 - Cannot read IP mode file for STMicroelectronics.eDS-WB_DPC_TT-BIDIR.2.1.1
2026-04-16 15:40:14,555 [WARN] PackLoader:240 - Cannot read IP mode file for STMicroelectronics.X-CUBE-NFC12.1.0.0
2026-04-16 15:40:14,570 [WARN] PackLoader:240 - Cannot read IP mode file for STMicroelectronics.X-CUBE-AZRTOS-L5.2.0.0
2026-04-16 15:40:14,615 [WARN] PackLoader:240 - Cannot read IP mode file for STMicroelectronics.eDS-WB_DPC_VIENNA.1.2.0
2026-04-16 15:40:14,620 [WARN] PackLoader:240 - Cannot read IP mode file for STMicroelectronics.eDS-WB_DPC_3PH2L-BIDIR.1.1.1
2026-04-16 15:40:14,624 [WARN] PackLoader:240 - Cannot read IP mode file for STMicroelectronics.X-CUBE-TOUCHGFX.4.26.1
2026-04-16 15:40:14,628 [WARN] PackLoader:240 - Cannot read IP mode file for STMicroelectronics.FP-SNS-STAIOTCFT.1.0.0
2026-04-16 15:40:14,634 [WARN] PackLoader:240 - Cannot read IP mode file for STMicroelectronics.X-CUBE-DPower.1.3.0
2026-04-16 15:40:14,646 [WARN] ConditionMgr:438 - getConditionDescription Invalid condition id : LAN8742 Phy interface Condition cause : null
2026-04-16 15:40:14,647 [WARN] PackLoader:240 - Cannot read IP mode file for STMicroelectronics.X-CUBE-AZRTOS-L4.2.0.0
2026-04-16 15:40:14,649 [WARN] ConditionMgr:1044 - genDependencies : Invalid condition id : LAN8742 Phy interface Condition cause : null
2026-04-16 15:40:14,649 [WARN] ConditionMgr:1044 - genDependencies : Invalid condition id : LAN8742 Phy interface Condition cause : null
2026-04-16 15:40:14,649 [WARN] ConditionMgr:1044 - genDependencies : Invalid condition id : LAN8742 Phy interface Condition cause : null
2026-04-16 15:40:14,695 [WARN] PackLoader:240 - Cannot read IP mode file for STMicroelectronics.X-CUBE-SFXS2LP1.4.0.0
2026-04-16 15:40:14,700 [WARN] PackLoader:240 - Cannot read IP mode file for STMicroelectronics.X-CUBE-WB05N.2.1.0
2026-04-16 15:40:14,705 [WARN] PackLoader:240 - Cannot read IP mode file for STMicroelectronics.X-CUBE-ST67W61.1.2.0
2026-04-16 15:40:14,714 [WARN] PackLoader:240 - Cannot read IP mode file for STMicroelectronics.X-CUBE-BLEMGR.4.1.0
2026-04-16 15:40:14,724 [WARN] ConditionMgr:438 - getConditionDescription Invalid condition id : UX DEVICE CLASS RTOS Condition cause : null
2026-04-16 15:40:14,725 [WARN] ConditionMgr:438 - getConditionDescription Invalid condition id : UX DEVICE CLASS RTOS Condition cause : null
2026-04-16 15:40:14,726 [WARN] PackLoader:240 - Cannot read IP mode file for STMicroelectronics.X-CUBE-AZRTOS-WB.2.0.0
2026-04-16 15:40:14,726 [WARN] ConditionMgr:1044 - genDependencies : Invalid condition id : UX DEVICE CLASS RTOS Condition cause : null
2026-04-16 15:40:14,726 [WARN] ConditionMgr:1044 - genDependencies : Invalid condition id : UX DEVICE CLASS RTOS Condition cause : null
2026-04-16 15:40:14,726 [WARN] ConditionMgr:1044 - genDependencies : Invalid condition id : UX DEVICE CLASS RTOS Condition cause : null
2026-04-16 15:40:14,727 [WARN] ConditionMgr:1044 - genDependencies : Invalid condition id : UX DEVICE CLASS RTOS Condition cause : null
2026-04-16 15:40:14,727 [WARN] ConditionMgr:1044 - genDependencies : Invalid condition id : UX DEVICE CLASS RTOS Condition cause : null
2026-04-16 15:40:14,781 [WARN] ConditionMgr:438 - getConditionDescription Invalid condition id : Cortex-A Device cause : null
2026-04-16 15:40:14,804 [WARN] ConditionMgr:1044 - genDependencies : Invalid condition id : Cortex-A Device cause : null
2026-04-16 15:40:14,804 [WARN] ConditionMgr:1044 - genDependencies : Invalid condition id : Cortex-A Device cause : null
2026-04-16 15:40:14,804 [WARN] ConditionMgr:1044 - genDependencies : Invalid condition id : Cortex-A Device cause : null
2026-04-16 15:40:14,810 [WARN] PackLoader:240 - Cannot read IP mode file for STMicroelectronics.X-CUBE-STSE01.2.0.0
2026-04-16 15:40:14,866 [WARN] PackLoader:240 - Cannot read IP mode file for STMicroelectronics.X-CUBE-SUBG2.5.0.0
2026-04-16 15:40:14,879 [WARN] PackLoader:240 - Cannot read IP mode file for STMicroelectronics.X-CUBE-AZRTOS-G4.2.0.0
2026-04-16 15:40:14,885 [WARN] PackLoader:240 - Cannot read IP mode file for wolfSSL.I-CUBE-wolfSSH.1.4.20
2026-04-16 15:40:14,889 [WARN] PackLoader:240 - Cannot read IP mode file for STMicroelectronics.X-CUBE-NFC7.2.0.0
2026-04-16 15:40:14,893 [WARN] PackLoader:240 - Cannot read IP mode file for STMicroelectronics.X-CUBE-ALS.1.0.2
2026-04-16 15:40:14,901 [WARN] PackLoader:240 - Cannot read IP mode file for STMicroelectronics.X-CUBE-TOF1.3.4.3
2026-04-16 15:40:14,906 [INFO] ThirdParty:978 - Integrity check success = true
2026-04-16 15:40:14,906 [INFO] IntegrityCheckThread:100 - exiting critical section [integrity check]
2026-04-16 15:40:14,906 [INFO] IntegrityCheckThread:103 - End integrity checks thread
